<?xml version="1.0" encoding="UTF-8"?>
<testsuite xmlns:xsi="http://www.w3.org/2001/XMLSchema-instance" xsi:noNamespaceSchemaLocation="https://maven.apache.org/surefire/maven-surefire-plugin/xsd/surefire-test-report-3.0.xsd" version="3.0" name="com.example.calculator.CalculatorTest" time="0.054" tests="7" errors="0" skipped="0" failures="0">
  <properties>
[...]
</properties>
  <testcase name="testSquareRootOfNegativeNumber" classname="com.example.calculator.CalculatorTest" time="0.029"/>
  <testcase name="testMultiplication" classname="com.example.calculator.CalculatorTest" time="0.001"/>
  <testcase name="testAddition" classname="com.example.calculator.CalculatorTest" time="0.001"/>
  <testcase name="testDivisionByZero" classname="com.example.calculator.CalculatorTest" time="0.001"/>
  <testcase name="testDivision" classname="com.example.calculator.CalculatorTest" time="0"/>
  <testcase name="testSquareRoot" classname="com.example.calculator.CalculatorTest" time="0.001"/>
  <testcase name="testSubtraction" classname="com.example.calculator.CalculatorTest" time="0"/>
</testsuite>